c:\users\panpe\desktop\picturecontrol_0209version\picturecontrol\x64\debug\picturecontrol.pch
c:\users\panpe\desktop\picturecontrol_0209version\picturecontrol\x64\debug\vc120.pdb
c:\users\panpe\desktop\picturecontrol_0209version\picturecontrol\x64\debug\vc120.idb
c:\users\panpe\desktop\picturecontrol_0209version\picturecontrol\x64\debug\stdafx.obj
c:\users\panpe\desktop\picturecontrol_0209version\picturecontrol\x64\debug\picturecontrol.obj
c:\users\panpe\desktop\picturecontrol_0209version\picturecontrol\x64\debug\picturecontroldlg.obj
c:\users\panpe\desktop\picturecontrol_0209version\picturecontrol\x64\debug\serialport.obj
c:\users\panpe\desktop\picturecontrol_0209version\picturecontrol\x64\debug\worm track.obj
c:\users\panpe\desktop\picturecontrol_0209version - 622\picturecontrol\x64\debug\picturecontrol.pch
c:\users\panpe\desktop\picturecontrol_0209version - 622\picturecontrol\x64\debug\vc120.pdb
c:\users\panpe\desktop\picturecontrol_0209version - 622\picturecontrol\x64\debug\vc120.idb
c:\users\panpe\desktop\picturecontrol_0209version - 622\picturecontrol\x64\debug\stdafx.obj
c:\users\panpe\desktop\picturecontrol_0209version - 622\picturecontrol\x64\debug\picturecontrol.obj
c:\users\panpe\desktop\picturecontrol_0209version - 622\picturecontrol\x64\debug\picturecontroldlg.obj
c:\users\panpe\desktop\picturecontrol_0209version - 622\picturecontrol\x64\debug\serialport.obj
c:\users\panpe\desktop\picturecontrol_0209version - 622\picturecontrol\x64\debug\worm track.obj
c:\users\panpe\desktop\picturecontrol_0209version - 0501\picturecontrol\x64\debug\picturecontrol.pch
c:\users\panpe\desktop\picturecontrol_0209version - 0501\picturecontrol\x64\debug\vc120.pdb
c:\users\panpe\desktop\picturecontrol_0209version - 0501\picturecontrol\x64\debug\vc120.idb
c:\users\panpe\desktop\picturecontrol_0209version - 0501\picturecontrol\x64\debug\stdafx.obj
c:\users\panpe\desktop\picturecontrol_0209version - 0501\picturecontrol\x64\debug\picturecontrol.obj
c:\users\panpe\desktop\picturecontrol_0209version - 0501\picturecontrol\x64\debug\picturecontroldlg.obj
c:\users\panpe\desktop\picturecontrol_0209version - 0501\picturecontrol\x64\debug\serialport.obj
c:\users\panpe\desktop\picturecontrol_0209version - 0501\picturecontrol\x64\debug\worm track.obj
c:\users\panpe\desktop\picturecontrol_0209version - 0516\picturecontrol\x64\debug\picturecontrol.pch
c:\users\panpe\desktop\picturecontrol_0209version - 0516\picturecontrol\x64\debug\vc120.pdb
c:\users\panpe\desktop\picturecontrol_0209version - 0516\picturecontrol\x64\debug\vc120.idb
c:\users\panpe\desktop\picturecontrol_0209version - 0516\picturecontrol\x64\debug\stdafx.obj
c:\users\panpe\desktop\picturecontrol_0209version - 0516\picturecontrol\x64\debug\picturecontrol.obj
c:\users\panpe\desktop\picturecontrol_0209version - 0516\picturecontrol\x64\debug\picturecontroldlg.obj
c:\users\panpe\desktop\picturecontrol_0209version - 0516\picturecontrol\x64\debug\serialport.obj
c:\users\panpe\desktop\picturecontrol_0209version - 0516\picturecontrol\x64\debug\worm track.obj
c:\users\panpe\desktop\picturecontrol_0209version - 0622-latest\picturecontrol\x64\debug\picturecontrol.pch
c:\users\panpe\desktop\picturecontrol_0209version - 0622-latest\picturecontrol\x64\debug\vc120.pdb
c:\users\panpe\desktop\picturecontrol_0209version - 0622-latest\picturecontrol\x64\debug\vc120.idb
c:\users\panpe\desktop\picturecontrol_0209version - 0622-latest\picturecontrol\x64\debug\stdafx.obj
c:\users\panpe\desktop\picturecontrol_0209version - 0622-latest\picturecontrol\x64\debug\picturecontrol.obj
c:\users\panpe\desktop\picturecontrol_0209version - 0622-latest\picturecontrol\x64\debug\picturecontroldlg.obj
c:\users\panpe\desktop\picturecontrol_0209version - 0622-latest\picturecontrol\x64\debug\serialport.obj
c:\users\panpe\desktop\picturecontrol_0209version - 0622-latest\picturecontrol\x64\debug\worm track.obj
c:\users\panpe\desktop\picturecontrol for nc\picturecontrol\x64\debug\picturecontrol.pch
c:\users\panpe\desktop\picturecontrol for nc\picturecontrol\x64\debug\vc120.pdb
c:\users\panpe\desktop\picturecontrol for nc\picturecontrol\x64\debug\vc120.idb
c:\users\panpe\desktop\picturecontrol for nc\picturecontrol\x64\debug\stdafx.obj
c:\users\panpe\desktop\picturecontrol for nc\picturecontrol\x64\debug\picturecontrol.obj
c:\users\panpe\desktop\picturecontrol for nc\picturecontrol\x64\debug\picturecontroldlg.obj
c:\users\panpe\desktop\picturecontrol for nc\picturecontrol\x64\debug\serialport.obj
c:\users\panpe\desktop\picturecontrol for nc\picturecontrol\x64\debug\worm track.obj
c:\users\panpe\desktop\picturecontrol for nc\picturecontrol\x64\debug\mx7600.obj
c:\users\panpe\desktop\picturecontrol for nc\picturecontrol\x64\debug\mhi.obj
c:\users\panpe\desktop\picturecontrol for nc\picturecontrol\x64\debug\tip_detection.obj
c:\users\panpe\desktop\picturecontrol for nc\picturecontrol\x64\debug\mp285.obj
c:\users\panpe\desktop\picturecontrol for nc\picturecontrol\x64\debug\xy_stage_proscan.obj
c:\users\panpe\desktop\picturecontrol for nc\picturecontrol\x64\debug\utils.obj
c:\users\panpe\desktop\picturecontrol for nc\picturecontrol\x64\debug\injector_pump.obj
c:\users\panpe\desktop\picturecontrol for nc -full-clean\picturecontrol\x64\debug\picturecontrol.pch
c:\users\panpe\desktop\picturecontrol for nc -full-clean\picturecontrol\x64\debug\vc120.pdb
c:\users\panpe\desktop\picturecontrol for nc -full-clean\picturecontrol\x64\debug\vc120.idb
c:\users\panpe\desktop\picturecontrol for nc -full-clean\picturecontrol\x64\debug\stdafx.obj
c:\users\panpe\desktop\picturecontrol for nc -full-clean\picturecontrol\x64\debug\injector_pump.obj
c:\users\panpe\desktop\picturecontrol for nc -full-clean\picturecontrol\x64\debug\mhi.obj
c:\users\panpe\desktop\picturecontrol for nc -full-clean\picturecontrol\x64\debug\mp285.obj
c:\users\panpe\desktop\picturecontrol for nc -full-clean\picturecontrol\x64\debug\picturecontrol.obj
c:\users\panpe\desktop\picturecontrol for nc -full-clean\picturecontrol\x64\debug\picturecontroldlg.obj
c:\users\panpe\desktop\picturecontrol for nc -full-clean\picturecontrol\x64\debug\serialport.obj
c:\users\panpe\desktop\picturecontrol for nc -full-clean\picturecontrol\x64\debug\mx7600.obj
c:\users\panpe\desktop\picturecontrol for nc -full-clean\picturecontrol\x64\debug\tip_detection.obj
c:\users\panpe\desktop\picturecontrol for nc -full-clean\picturecontrol\x64\debug\utils.obj
c:\users\panpe\desktop\picturecontrol for nc -full-clean\picturecontrol\x64\debug\worm track.obj
c:\users\panpe\desktop\picturecontrol for nc -full-clean\picturecontrol\x64\debug\xy_stage_proscan.obj
c:\users\panpe\desktop\picturecontrol for nc -full-clean\picturecontrol\x64\debug\camera.obj
c:\users\panpe\desktop\picturecontrol for nc -full-clean\picturecontrol\x64\debug\mx7600_utils.obj
c:\users\panpe\desktop\picturecontrol_0209version\x64\debug\picturecontrol.ilk
c:\users\panpe\desktop\picturecontrol_0209version\x64\debug\picturecontrol.exe
c:\users\panpe\desktop\picturecontrol_0209version\x64\debug\picturecontrol.pdb
c:\users\panpe\desktop\picturecontrol_0209version - 622\x64\debug\picturecontrol.ilk
c:\users\panpe\desktop\picturecontrol_0209version - 622\x64\debug\picturecontrol.exe
c:\users\panpe\desktop\picturecontrol_0209version - 622\x64\debug\picturecontrol.pdb
c:\users\panpe\desktop\picturecontrol_0209version - 0501\x64\debug\picturecontrol.ilk
c:\users\panpe\desktop\picturecontrol_0209version - 0501\x64\debug\picturecontrol.exe
c:\users\panpe\desktop\picturecontrol_0209version - 0501\x64\debug\picturecontrol.pdb
c:\users\panpe\desktop\picturecontrol_0209version - 0516\x64\debug\picturecontrol.ilk
c:\users\panpe\desktop\picturecontrol_0209version - 0516\x64\debug\picturecontrol.exe
c:\users\panpe\desktop\picturecontrol_0209version - 0516\x64\debug\picturecontrol.pdb
c:\users\panpe\desktop\picturecontrol_0209version - 0622-latest\x64\debug\picturecontrol.ilk
c:\users\panpe\desktop\picturecontrol_0209version - 0622-latest\x64\debug\picturecontrol.exe
c:\users\panpe\desktop\picturecontrol_0209version - 0622-latest\x64\debug\picturecontrol.pdb
c:\users\panpe\desktop\picturecontrol for nc\x64\debug\picturecontrol.ilk
c:\users\panpe\desktop\picturecontrol for nc\x64\debug\picturecontrol.exe
c:\users\panpe\desktop\picturecontrol for nc\x64\debug\picturecontrol.pdb
c:\users\panpe\desktop\picturecontrol_0209version\x64\debug\picturecontrol.lib
c:\users\panpe\desktop\picturecontrol_0209version\x64\debug\picturecontrol.exp
c:\users\panpe\desktop\picturecontrol_0209version - 622\x64\debug\picturecontrol.lib
c:\users\panpe\desktop\picturecontrol_0209version - 622\x64\debug\picturecontrol.exp
c:\users\panpe\desktop\picturecontrol_0209version - 0501\x64\debug\picturecontrol.lib
c:\users\panpe\desktop\picturecontrol_0209version - 0501\x64\debug\picturecontrol.exp
c:\users\panpe\desktop\picturecontrol_0209version - 0516\x64\debug\picturecontrol.lib
c:\users\panpe\desktop\picturecontrol_0209version - 0516\x64\debug\picturecontrol.exp
c:\users\panpe\desktop\picturecontrol_0209version - 0622-latest\x64\debug\picturecontrol.lib
c:\users\panpe\desktop\picturecontrol_0209version - 0622-latest\x64\debug\picturecontrol.exp
c:\users\panpe\desktop\picturecontrol for nc\x64\debug\picturecontrol.lib
c:\users\panpe\desktop\picturecontrol for nc\x64\debug\picturecontrol.exp
c:\users\panpe\desktop\picturecontrol for nc -full-clean\x64\debug\picturecontrol.lib
c:\users\panpe\desktop\picturecontrol for nc -full-clean\x64\debug\picturecontrol.exp
c:\users\panpe\desktop\picturecontrol_0209version\picturecontrol\x64\debug\picturecontrol.res
c:\users\panpe\desktop\picturecontrol_0209version - 622\picturecontrol\x64\debug\picturecontrol.res
c:\users\panpe\desktop\picturecontrol_0209version - 0501\picturecontrol\x64\debug\picturecontrol.res
c:\users\panpe\desktop\picturecontrol_0209version - 0516\picturecontrol\x64\debug\picturecontrol.res
c:\users\panpe\desktop\picturecontrol_0209version - 0622-latest\picturecontrol\x64\debug\picturecontrol.res
c:\users\panpe\desktop\picturecontrol for nc\picturecontrol\x64\debug\picturecontrol.res
c:\users\panpe\desktop\picturecontrol for nc -full-clean\picturecontrol\x64\debug\picturecontrol.res
c:\users\panpe\desktop\picturecontrol for nc -full-clean\x64\debug\picturecontrol.pdb
c:\users\panpe\desktop\picturecontrol for nc -full-clean\picturecontrol\x64\debug\picturecontrol.tlog\cl.command.1.tlog
c:\users\panpe\desktop\picturecontrol for nc -full-clean\picturecontrol\x64\debug\picturecontrol.tlog\cl.read.1.tlog
c:\users\panpe\desktop\picturecontrol for nc -full-clean\picturecontrol\x64\debug\picturecontrol.tlog\cl.write.1.tlog
c:\users\panpe\desktop\picturecontrol for nc -full-clean\picturecontrol\x64\debug\picturecontrol.tlog\link-cvtres.read.1.tlog
c:\users\panpe\desktop\picturecontrol for nc -full-clean\picturecontrol\x64\debug\picturecontrol.tlog\link-cvtres.write.1.tlog
c:\users\panpe\desktop\picturecontrol for nc -full-clean\picturecontrol\x64\debug\picturecontrol.tlog\link-mt.read.1.tlog
c:\users\panpe\desktop\picturecontrol for nc -full-clean\picturecontrol\x64\debug\picturecontrol.tlog\link-mt.write.1.tlog
c:\users\panpe\desktop\picturecontrol for nc -full-clean\picturecontrol\x64\debug\picturecontrol.tlog\link-rc.read.1.tlog
c:\users\panpe\desktop\picturecontrol for nc -full-clean\picturecontrol\x64\debug\picturecontrol.tlog\link-rc.write.1.tlog
c:\users\panpe\desktop\picturecontrol for nc -full-clean\picturecontrol\x64\debug\picturecontrol.tlog\link.7280-cvtres.read.1.tlog
c:\users\panpe\desktop\picturecontrol for nc -full-clean\picturecontrol\x64\debug\picturecontrol.tlog\link.7280-cvtres.write.1.tlog
c:\users\panpe\desktop\picturecontrol for nc -full-clean\picturecontrol\x64\debug\picturecontrol.tlog\link.7280-mt.read.1.tlog
c:\users\panpe\desktop\picturecontrol for nc -full-clean\picturecontrol\x64\debug\picturecontrol.tlog\link.7280-mt.write.1.tlog
c:\users\panpe\desktop\picturecontrol for nc -full-clean\picturecontrol\x64\debug\picturecontrol.tlog\link.7280-rc.read.1.tlog
c:\users\panpe\desktop\picturecontrol for nc -full-clean\picturecontrol\x64\debug\picturecontrol.tlog\link.7280-rc.write.1.tlog
c:\users\panpe\desktop\picturecontrol for nc -full-clean\picturecontrol\x64\debug\picturecontrol.tlog\link.7280.read.1.tlog
c:\users\panpe\desktop\picturecontrol for nc -full-clean\picturecontrol\x64\debug\picturecontrol.tlog\link.7280.write.1.tlog
c:\users\panpe\desktop\picturecontrol for nc -full-clean\picturecontrol\x64\debug\picturecontrol.tlog\link.command.1.tlog
c:\users\panpe\desktop\picturecontrol for nc -full-clean\picturecontrol\x64\debug\picturecontrol.tlog\link.read.1.tlog
c:\users\panpe\desktop\picturecontrol for nc -full-clean\picturecontrol\x64\debug\picturecontrol.tlog\link.write.1.tlog
c:\users\panpe\desktop\picturecontrol for nc -full-clean\picturecontrol\x64\debug\picturecontrol.tlog\picturecontrol.write.1u.tlog
c:\users\panpe\desktop\picturecontrol for nc -full-clean\picturecontrol\x64\debug\picturecontrol.tlog\rc.command.1.tlog
c:\users\panpe\desktop\picturecontrol for nc -full-clean\picturecontrol\x64\debug\picturecontrol.tlog\rc.read.1.tlog
c:\users\panpe\desktop\picturecontrol for nc -full-clean\picturecontrol\x64\debug\picturecontrol.tlog\rc.write.1.tlog
